C:\Program Files (x86)\Microsoft Visual Studio\2019\Community\MSBuild\Microsoft\VC\v160\Microsoft.CppBuild.targets(1044,5): warning MSB8027: Two or more files with the name of GLee.c will produce outputs to the same location. This can lead to an incorrect build result.  The files involved are ..\GLee.c, ..\shared\GLee.c.
cl : command line warning D9035: option 'Gm' has been deprecated and will be removed in a future release
  GLee.c
D:\Development Projects\3D Revision\3D Programming\Tutorial 09\shared\GLee.c(9306,2): warning C4996: 'strcpy': This function or variable may be unsafe. Consider using strcpy_s instead. To disable deprecation, use _CRT_SECURE_NO_WARNINGS. See online help for details.
D:\Development Projects\3D Revision\3D Programming\Tutorial 09\shared\GLee.c(9374,2): warning C4996: 'sprintf': This function or variable may be unsafe. Consider using sprintf_s instead. To disable deprecation, use _CRT_SECURE_NO_WARNINGS. See online help for details.
  GLee.c
D:\Development Projects\3D Revision\3D Programming\Tutorial 09\GLee.c(9306,2): warning C4996: 'strcpy': This function or variable may be unsafe. Consider using strcpy_s instead. To disable deprecation, use _CRT_SECURE_NO_WARNINGS. See online help for details.
D:\Development Projects\3D Revision\3D Programming\Tutorial 09\GLee.c(9374,2): warning C4996: 'sprintf': This function or variable may be unsafe. Consider using sprintf_s instead. To disable deprecation, use _CRT_SECURE_NO_WARNINGS. See online help for details.
  Generating Code...
cl : command line warning D9035: option 'Gm' has been deprecated and will be removed in a future release
  tutorial9_textures.cpp
D:\Development Projects\3D Revision\3D Programming\Tutorial 09\tutorial9_textures.cpp(71,28): warning C4305: 'argument': truncation from 'double' to 'GLfloat'
  glm.cpp
D:\Development Projects\3D Revision\3D Programming\Tutorial 09\shared\glm.cpp(187,23): warning C4996: 'strdup': The POSIX name for this item is deprecated. Instead, use the ISO C and C++ conformant name: _strdup. See online help for details.
D:\Development Projects\3D Revision\3D Programming\Tutorial 09\shared\glm.cpp(234,11): warning C4996: 'strdup': The POSIX name for this item is deprecated. Instead, use the ISO C and C++ conformant name: _strdup. See online help for details.
D:\Development Projects\3D Revision\3D Programming\Tutorial 09\shared\glm.cpp(303,45): warning C4305: '=': truncation from 'double' to 'GLfloat'
D:\Development Projects\3D Revision\3D Programming\Tutorial 09\shared\glm.cpp(304,45): warning C4305: '=': truncation from 'double' to 'GLfloat'
D:\Development Projects\3D Revision\3D Programming\Tutorial 09\shared\glm.cpp(305,45): warning C4305: '=': truncation from 'double' to 'GLfloat'
D:\Development Projects\3D Revision\3D Programming\Tutorial 09\shared\glm.cpp(307,45): warning C4305: '=': truncation from 'double' to 'GLfloat'
D:\Development Projects\3D Revision\3D Programming\Tutorial 09\shared\glm.cpp(308,45): warning C4305: '=': truncation from 'double' to 'GLfloat'
D:\Development Projects\3D Revision\3D Programming\Tutorial 09\shared\glm.cpp(309,45): warning C4305: '=': truncation from 'double' to 'GLfloat'
D:\Development Projects\3D Revision\3D Programming\Tutorial 09\shared\glm.cpp(262,5): warning C4996: 'strcpy': This function or variable may be unsafe. Consider using strcpy_s instead. To disable deprecation, use _CRT_SECURE_NO_WARNINGS. See online help for details.
D:\Development Projects\3D Revision\3D Programming\Tutorial 09\shared\glm.cpp(263,5): warning C4996: 'strcat': This function or variable may be unsafe. Consider using strcat_s instead. To disable deprecation, use _CRT_SECURE_NO_WARNINGS. See online help for details.
D:\Development Projects\3D Revision\3D Programming\Tutorial 09\shared\glm.cpp(266,12): warning C4996: 'fopen': This function or variable may be unsafe. Consider using fopen_s instead. To disable deprecation, use _CRT_SECURE_NO_WARNINGS. See online help for details.
D:\Development Projects\3D Revision\3D Programming\Tutorial 09\shared\glm.cpp(276,11): warning C4996: 'fscanf': This function or variable may be unsafe. Consider using fscanf_s instead. To disable deprecation, use _CRT_SECURE_NO_WARNINGS. See online help for details.
D:\Development Projects\3D Revision\3D Programming\Tutorial 09\shared\glm.cpp(285,13): warning C4996: 'sscanf': This function or variable may be unsafe. Consider using sscanf_s instead. To disable deprecation, use _CRT_SECURE_NO_WARNINGS. See online help for details.
D:\Development Projects\3D Revision\3D Programming\Tutorial 09\shared\glm.cpp(316,32): warning C4996: 'strdup': The POSIX name for this item is deprecated. Instead, use the ISO C and C++ conformant name: _strdup. See online help for details.
D:\Development Projects\3D Revision\3D Programming\Tutorial 09\shared\glm.cpp(320,11): warning C4996: 'fscanf': This function or variable may be unsafe. Consider using fscanf_s instead. To disable deprecation, use _CRT_SECURE_NO_WARNINGS. See online help for details.
D:\Development Projects\3D Revision\3D Programming\Tutorial 09\shared\glm.cpp(328,13): warning C4996: 'sscanf': This function or variable may be unsafe. Consider using sscanf_s instead. To disable deprecation, use _CRT_SECURE_NO_WARNINGS. See online help for details.
D:\Development Projects\3D Revision\3D Programming\Tutorial 09\shared\glm.cpp(330,51): warning C4996: 'strdup': The POSIX name for this item is deprecated. Instead, use the ISO C and C++ conformant name: _strdup. See online help for details.
D:\Development Projects\3D Revision\3D Programming\Tutorial 09\shared\glm.cpp(333,13): warning C4996: 'fscanf': This function or variable may be unsafe. Consider using fscanf_s instead. To disable deprecation, use _CRT_SECURE_NO_WARNINGS. See online help for details.
D:\Development Projects\3D Revision\3D Programming\Tutorial 09\shared\glm.cpp(341,17): warning C4996: 'fscanf': This function or variable may be unsafe. Consider using fscanf_s instead. To disable deprecation, use _CRT_SECURE_NO_WARNINGS. See online help for details.
D:\Development Projects\3D Revision\3D Programming\Tutorial 09\shared\glm.cpp(347,17): warning C4996: 'fscanf': This function or variable may be unsafe. Consider using fscanf_s instead. To disable deprecation, use _CRT_SECURE_NO_WARNINGS. See online help for details.
D:\Development Projects\3D Revision\3D Programming\Tutorial 09\shared\glm.cpp(353,17): warning C4996: 'fscanf': This function or variable may be unsafe. Consider using fscanf_s instead. To disable deprecation, use _CRT_SECURE_NO_WARNINGS. See online help for details.
D:\Development Projects\3D Revision\3D Programming\Tutorial 09\shared\glm.cpp(391,5): warning C4996: 'strcpy': This function or variable may be unsafe. Consider using strcpy_s instead. To disable deprecation, use _CRT_SECURE_NO_WARNINGS. See online help for details.
D:\Development Projects\3D Revision\3D Programming\Tutorial 09\shared\glm.cpp(392,5): warning C4996: 'strcat': This function or variable may be unsafe. Consider using strcat_s instead. To disable deprecation, use _CRT_SECURE_NO_WARNINGS. See online help for details.
D:\Development Projects\3D Revision\3D Programming\Tutorial 09\shared\glm.cpp(396,12): warning C4996: 'fopen': This function or variable may be unsafe. Consider using fopen_s instead. To disable deprecation, use _CRT_SECURE_NO_WARNINGS. See online help for details.
D:\Development Projects\3D Revision\3D Programming\Tutorial 09\shared\glm.cpp(452,11): warning C4996: 'fscanf': This function or variable may be unsafe. Consider using fscanf_s instead. To disable deprecation, use _CRT_SECURE_NO_WARNINGS. See online help for details.
D:\Development Projects\3D Revision\3D Programming\Tutorial 09\shared\glm.cpp(483,17): warning C4996: 'sscanf': This function or variable may be unsafe. Consider using sscanf_s instead. To disable deprecation, use _CRT_SECURE_NO_WARNINGS. See online help for details.
D:\Development Projects\3D Revision\3D Programming\Tutorial 09\shared\glm.cpp(484,37): warning C4996: 'strdup': The POSIX name for this item is deprecated. Instead, use the ISO C and C++ conformant name: _strdup. See online help for details.
D:\Development Projects\3D Revision\3D Programming\Tutorial 09\shared\glm.cpp(503,17): warning C4996: 'fscanf': This function or variable may be unsafe. Consider using fscanf_s instead. To disable deprecation, use _CRT_SECURE_NO_WARNINGS. See online help for details.
D:\Development Projects\3D Revision\3D Programming\Tutorial 09\shared\glm.cpp(507,21): warning C4996: 'sscanf': This function or variable may be unsafe. Consider using sscanf_s instead. To disable deprecation, use _CRT_SECURE_NO_WARNINGS. See online help for details.
D:\Development Projects\3D Revision\3D Programming\Tutorial 09\shared\glm.cpp(508,21): warning C4996: 'fscanf': This function or variable may be unsafe. Consider using fscanf_s instead. To disable deprecation, use _CRT_SECURE_NO_WARNINGS. See online help for details.
D:\Development Projects\3D Revision\3D Programming\Tutorial 09\shared\glm.cpp(509,21): warning C4996: 'fscanf': This function or variable may be unsafe. Consider using fscanf_s instead. To disable deprecation, use _CRT_SECURE_NO_WARNINGS. See online help for details.
D:\Development Projects\3D Revision\3D Programming\Tutorial 09\shared\glm.cpp(512,27): warning C4996: 'fscanf': This function or variable may be unsafe. Consider using fscanf_s instead. To disable deprecation, use _CRT_SECURE_NO_WARNINGS. See online help for details.
D:\Development Projects\3D Revision\3D Programming\Tutorial 09\shared\glm.cpp(516,28): warning C4996: 'sscanf': This function or variable may be unsafe. Consider using sscanf_s instead. To disable deprecation, use _CRT_SECURE_NO_WARNINGS. See online help for details.
D:\Development Projects\3D Revision\3D Programming\Tutorial 09\shared\glm.cpp(518,21): warning C4996: 'fscanf': This function or variable may be unsafe. Consider using fscanf_s instead. To disable deprecation, use _CRT_SECURE_NO_WARNINGS. See online help for details.
D:\Development Projects\3D Revision\3D Programming\Tutorial 09\shared\glm.cpp(519,21): warning C4996: 'fscanf': This function or variable may be unsafe. Consider using fscanf_s instead. To disable deprecation, use _CRT_SECURE_NO_WARNINGS. See online help for details.
D:\Development Projects\3D Revision\3D Programming\Tutorial 09\shared\glm.cpp(522,27): warning C4996: 'fscanf': This function or variable may be unsafe. Consider using fscanf_s instead. To disable deprecation, use _CRT_SECURE_NO_WARNINGS. See online help for details.
D:\Development Projects\3D Revision\3D Programming\Tutorial 09\shared\glm.cpp(526,28): warning C4996: 'sscanf': This function or variable may be unsafe. Consider using sscanf_s instead. To disable deprecation, use _CRT_SECURE_NO_WARNINGS. See online help for details.
D:\Development Projects\3D Revision\3D Programming\Tutorial 09\shared\glm.cpp(528,21): warning C4996: 'fscanf': This function or variable may be unsafe. Consider using fscanf_s instead. To disable deprecation, use _CRT_SECURE_NO_WARNINGS. See online help for details.
D:\Development Projects\3D Revision\3D Programming\Tutorial 09\shared\glm.cpp(529,21): warning C4996: 'fscanf': This function or variable may be unsafe. Consider using fscanf_s instead. To disable deprecation, use _CRT_SECURE_NO_WARNINGS. See online help for details.
D:\Development Projects\3D Revision\3D Programming\Tutorial 09\shared\glm.cpp(532,27): warning C4996: 'fscanf': This function or variable may be unsafe. Consider using fscanf_s instead. To disable deprecation, use _CRT_SECURE_NO_WARNINGS. See online help for details.
D:\Development Projects\3D Revision\3D Programming\Tutorial 09\shared\glm.cpp(538,21): warning C4996: 'fscanf': This function or variable may be unsafe. Consider using fscanf_s instead. To disable deprecation, use _CRT_SECURE_NO_WARNINGS. See online help for details.
D:\Development Projects\3D Revision\3D Programming\Tutorial 09\shared\glm.cpp(539,21): warning C4996: 'fscanf': This function or variable may be unsafe. Consider using fscanf_s instead. To disable deprecation, use _CRT_SECURE_NO_WARNINGS. See online help for details.
D:\Development Projects\3D Revision\3D Programming\Tutorial 09\shared\glm.cpp(542,27): warning C4996: 'fscanf': This function or variable may be unsafe. Consider using fscanf_s instead. To disable deprecation, use _CRT_SECURE_NO_WARNINGS. See online help for details.
D:\Development Projects\3D Revision\3D Programming\Tutorial 09\shared\glm.cpp(603,11): warning C4996: 'fscanf': This function or variable may be unsafe. Consider using fscanf_s instead. To disable deprecation, use _CRT_SECURE_NO_WARNINGS. See online help for details.
D:\Development Projects\3D Revision\3D Programming\Tutorial 09\shared\glm.cpp(612,17): warning C4996: 'fscanf': This function or variable may be unsafe. Consider using fscanf_s instead. To disable deprecation, use _CRT_SECURE_NO_WARNINGS. See online help for details.
D:\Development Projects\3D Revision\3D Programming\Tutorial 09\shared\glm.cpp(619,17): warning C4996: 'fscanf': This function or variable may be unsafe. Consider using fscanf_s instead. To disable deprecation, use _CRT_SECURE_NO_WARNINGS. See online help for details.
D:\Development Projects\3D Revision\3D Programming\Tutorial 09\shared\glm.cpp(626,17): warning C4996: 'fscanf': This function or variable may be unsafe. Consider using fscanf_s instead. To disable deprecation, use _CRT_SECURE_NO_WARNINGS. See online help for details.
D:\Development Projects\3D Revision\3D Programming\Tutorial 09\shared\glm.cpp(635,17): warning C4996: 'sscanf': This function or variable may be unsafe. Consider using sscanf_s instead. To disable deprecation, use _CRT_SECURE_NO_WARNINGS. See online help for details.
D:\Development Projects\3D Revision\3D Programming\Tutorial 09\shared\glm.cpp(651,17): warning C4996: 'fscanf': This function or variable may be unsafe. Consider using fscanf_s instead. To disable deprecation, use _CRT_SECURE_NO_WARNINGS. See online help for details.
D:\Development Projects\3D Revision\3D Programming\Tutorial 09\shared\glm.cpp(655,21): warning C4996: 'sscanf': This function or variable may be unsafe. Consider using sscanf_s instead. To disable deprecation, use _CRT_SECURE_NO_WARNINGS. See online help for details.
D:\Development Projects\3D Revision\3D Programming\Tutorial 09\shared\glm.cpp(658,21): warning C4996: 'fscanf': This function or variable may be unsafe. Consider using fscanf_s instead. To disable deprecation, use _CRT_SECURE_NO_WARNINGS. See online help for details.
D:\Development Projects\3D Revision\3D Programming\Tutorial 09\shared\glm.cpp(661,21): warning C4996: 'fscanf': This function or variable may be unsafe. Consider using fscanf_s instead. To disable deprecation, use _CRT_SECURE_NO_WARNINGS. See online help for details.
D:\Development Projects\3D Revision\3D Programming\Tutorial 09\shared\glm.cpp(666,27): warning C4996: 'fscanf': This function or variable may be unsafe. Consider using fscanf_s instead. To disable deprecation, use _CRT_SECURE_NO_WARNINGS. See online help for details.
D:\Development Projects\3D Revision\3D Programming\Tutorial 09\shared\glm.cpp(676,28): warning C4996: 'sscanf': This function or variable may be unsafe. Consider using sscanf_s instead. To disable deprecation, use _CRT_SECURE_NO_WARNINGS. See online help for details.
D:\Development Projects\3D Revision\3D Programming\Tutorial 09\shared\glm.cpp(681,21): warning C4996: 'fscanf': This function or variable may be unsafe. Consider using fscanf_s instead. To disable deprecation, use _CRT_SECURE_NO_WARNINGS. See online help for details.
D:\Development Projects\3D Revision\3D Programming\Tutorial 09\shared\glm.cpp(685,21): warning C4996: 'fscanf': This function or variable may be unsafe. Consider using fscanf_s instead. To disable deprecation, use _CRT_SECURE_NO_WARNINGS. See online help for details.
D:\Development Projects\3D Revision\3D Programming\Tutorial 09\shared\glm.cpp(691,27): warning C4996: 'fscanf': This function or variable may be unsafe. Consider using fscanf_s instead. To disable deprecation, use _CRT_SECURE_NO_WARNINGS. See online help for details.
D:\Development Projects\3D Revision\3D Programming\Tutorial 09\shared\glm.cpp(704,28): warning C4996: 'sscanf': This function or variable may be unsafe. Consider using sscanf_s instead. To disable deprecation, use _CRT_SECURE_NO_WARNINGS. See online help for details.
D:\Development Projects\3D Revision\3D Programming\Tutorial 09\shared\glm.cpp(708,21): warning C4996: 'fscanf': This function or variable may be unsafe. Consider using fscanf_s instead. To disable deprecation, use _CRT_SECURE_NO_WARNINGS. See online help for details.
D:\Development Projects\3D Revision\3D Programming\Tutorial 09\shared\glm.cpp(711,21): warning C4996: 'fscanf': This function or variable may be unsafe. Consider using fscanf_s instead. To disable deprecation, use _CRT_SECURE_NO_WARNINGS. See online help for details.
D:\Development Projects\3D Revision\3D Programming\Tutorial 09\shared\glm.cpp(716,27): warning C4996: 'fscanf': This function or variable may be unsafe. Consider using fscanf_s instead. To disable deprecation, use _CRT_SECURE_NO_WARNINGS. See online help for details.
D:\Development Projects\3D Revision\3D Programming\Tutorial 09\shared\glm.cpp(728,21): warning C4996: 'sscanf': This function or variable may be unsafe. Consider using sscanf_s instead. To disable deprecation, use _CRT_SECURE_NO_WARNINGS. See online help for details.
D:\Development Projects\3D Revision\3D Programming\Tutorial 09\shared\glm.cpp(730,21): warning C4996: 'fscanf': This function or variable may be unsafe. Consider using fscanf_s instead. To disable deprecation, use _CRT_SECURE_NO_WARNINGS. See online help for details.
D:\Development Projects\3D Revision\3D Programming\Tutorial 09\shared\glm.cpp(732,21): warning C4996: 'fscanf': This function or variable may be unsafe. Consider using fscanf_s instead. To disable deprecation, use _CRT_SECURE_NO_WARNINGS. See online help for details.
D:\Development Projects\3D Revision\3D Programming\Tutorial 09\shared\glm.cpp(736,27): warning C4996: 'fscanf': This function or variable may be unsafe. Consider using fscanf_s instead. To disable deprecation, use _CRT_SECURE_NO_WARNINGS. See online help for details.
D:\Development Projects\3D Revision\3D Programming\Tutorial 09\shared\glm.cpp(811,24): warning C4244: '=': conversion from 'double' to 'GLfloat', possible loss of data
D:\Development Projects\3D Revision\3D Programming\Tutorial 09\shared\glm.cpp(812,24): warning C4244: '=': conversion from 'double' to 'GLfloat', possible loss of data
D:\Development Projects\3D Revision\3D Programming\Tutorial 09\shared\glm.cpp(813,24): warning C4244: '=': conversion from 'double' to 'GLfloat', possible loss of data
D:\Development Projects\3D Revision\3D Programming\Tutorial 09\shared\glm.cpp(816,17): warning C4244: '=': conversion from 'double' to 'GLfloat', possible loss of data
D:\Development Projects\3D Revision\3D Programming\Tutorial 09\shared\glm.cpp(1016,20): warning C4244: '=': conversion from 'double' to 'GLfloat', possible loss of data
D:\Development Projects\3D Revision\3D Programming\Tutorial 09\shared\glm.cpp(1172,23): warning C4244: '=': conversion from 'double' to 'GLfloat', possible loss of data
D:\Development Projects\3D Revision\3D Programming\Tutorial 09\shared\glm.cpp(1179,49): warning C4244: '=': conversion from 'double' to 'GLfloat', possible loss of data
D:\Development Projects\3D Revision\3D Programming\Tutorial 09\shared\glm.cpp(1180,49): warning C4244: '=': conversion from 'double' to 'GLfloat', possible loss of data
D:\Development Projects\3D Revision\3D Programming\Tutorial 09\shared\glm.cpp(1230,17): warning C4244: '=': conversion from 'double' to 'GLfloat', possible loss of data
D:\Development Projects\3D Revision\3D Programming\Tutorial 09\shared\glm.cpp(1231,19): warning C4244: '=': conversion from 'double' to 'GLfloat', possible loss of data
D:\Development Projects\3D Revision\3D Programming\Tutorial 09\shared\glm.cpp(1238,39): warning C4305: '=': truncation from 'double' to 'GLfloat'
D:\Development Projects\3D Revision\3D Programming\Tutorial 09\shared\glm.cpp(1240,27): warning C4244: '=': conversion from 'double' to 'GLfloat', possible loss of data
D:\Development Projects\3D Revision\3D Programming\Tutorial 09\shared\glm.cpp(1243,42): warning C4305: '=': truncation from 'double' to 'GLfloat'
D:\Development Projects\3D Revision\3D Programming\Tutorial 09\shared\glm.cpp(1245,37): warning C4244: '=': conversion from 'double' to 'GLfloat', possible loss of data
D:\Development Projects\3D Revision\3D Programming\Tutorial 09\shared\glm.cpp(1248,45): warning C4244: '=': conversion from 'double' to 'GLfloat', possible loss of data
D:\Development Projects\3D Revision\3D Programming\Tutorial 09\shared\glm.cpp(1249,43): warning C4244: '=': conversion from 'double' to 'GLfloat', possible loss of data
D:\Development Projects\3D Revision\3D Programming\Tutorial 09\shared\glm.cpp(1312,12): warning C4996: 'fopen': This function or variable may be unsafe. Consider using fopen_s instead. To disable deprecation, use _CRT_SECURE_NO_WARNINGS. See online help for details.
D:\Development Projects\3D Revision\3D Programming\Tutorial 09\shared\glm.cpp(1321,26): warning C4996: 'strdup': The POSIX name for this item is deprecated. Instead, use the ISO C and C++ conformant name: _strdup. See online help for details.
D:\Development Projects\3D Revision\3D Programming\Tutorial 09\shared\glm.cpp(1433,12): warning C4996: 'fopen': This function or variable may be unsafe. Consider using fopen_s instead. To disable deprecation, use _CRT_SECURE_NO_WARNINGS. See online help for details.
D:\Development Projects\3D Revision\3D Programming\Tutorial 09\shared\glm.cpp(1795,10): warning C4996: 'fopen': This function or variable may be unsafe. Consider using fopen_s instead. To disable deprecation, use _CRT_SECURE_NO_WARNINGS. See online help for details.
D:\Development Projects\3D Revision\3D Programming\Tutorial 09\shared\glm.cpp(1816,18): warning C4996: 'sscanf': This function or variable may be unsafe. Consider using sscanf_s instead. To disable deprecation, use _CRT_SECURE_NO_WARNINGS. See online help for details.
D:\Development Projects\3D Revision\3D Programming\Tutorial 09\shared\glm.cpp(1818,18): warning C4996: 'sscanf': This function or variable may be unsafe. Consider using sscanf_s instead. To disable deprecation, use _CRT_SECURE_NO_WARNINGS. See online help for details.
D:\Development Projects\3D Revision\3D Programming\Tutorial 09\shared\glm.cpp(1820,18): warning C4996: 'sscanf': This function or variable may be unsafe. Consider using sscanf_s instead. To disable deprecation, use _CRT_SECURE_NO_WARNINGS. See online help for details.
  math3d.cpp
  gltools.cpp
D:\Development Projects\3D Revision\3D Programming\Tutorial 09\gltools.cpp(433,13): warning C4996: 'fopen': This function or variable may be unsafe. Consider using fopen_s instead. To disable deprecation, use _CRT_SECURE_NO_WARNINGS. See online help for details.
D:\Development Projects\3D Revision\3D Programming\Tutorial 09\gltools.cpp(476,13): warning C4996: 'fopen': This function or variable may be unsafe. Consider using fopen_s instead. To disable deprecation, use _CRT_SECURE_NO_WARNINGS. See online help for details.
  Generating Code...
GLee.obj : warning LNK4075: ignoring '/EDITANDCONTINUE' due to '/SAFESEH' specification
Debug\GLee.obj : warning LNK4042: object specified more than once; extras ignored
  3DExample1.vcxproj -> D:\Development Projects\3D Revision\3D Programming\Tutorial 09\Debug\3DExample1.exe
