c:\3d_graphics_5ccgd003w\textures tutorial\3dexample1\debug\vc142.pdb
c:\3d_graphics_5ccgd003w\textures tutorial\3dexample1\debug\vc142.idb
c:\3d_graphics_5ccgd003w\textures tutorial\3dexample1\debug\glee.obj
c:\3d_graphics_5ccgd003w\textures tutorial\3dexample1\debug\gltools.obj
c:\3d_graphics_5ccgd003w\textures tutorial\3dexample1\debug\math3d.obj
c:\3d_graphics_5ccgd003w\textures tutorial\3dexample1\debug\glm.obj
c:\3d_graphics_5ccgd003w\textures tutorial\3dexample1\debug\tutorial8_textures.obj
c:\3d_graphics_5ccgd003w\textures tutorial\3dexample1\debug\tutorial8_textures_solution.obj
c:\3d_graphics_5ccgd003w\textures tutorial\3dexample1\debug\tutorial8_textures_solution_phil.obj
c:\users\agelopa\downloads\textures tutorial\textures tutorial\3dexample1\debug\vc142.pdb
c:\users\agelopa\downloads\textures tutorial\textures tutorial\3dexample1\debug\vc142.idb
c:\users\agelopa\downloads\textures tutorial\textures tutorial\3dexample1\debug\glee.obj
c:\users\agelopa\downloads\textures tutorial\textures tutorial\3dexample1\debug\gltools.obj
c:\users\agelopa\downloads\textures tutorial\textures tutorial\3dexample1\debug\math3d.obj
c:\users\agelopa\downloads\textures tutorial\textures tutorial\3dexample1\debug\glm.obj
c:\users\agelopa\downloads\textures tutorial\textures tutorial\3dexample1\debug\tutorial9_textures.obj
c:\3d_graphics_5ccgd003w\textures tutorial\debug\3dexample1.exe
c:\3d_graphics_5ccgd003w\textures tutorial\debug\3dexample1.ilk
c:\3d_graphics_5ccgd003w\textures tutorial\debug\3dexample1.pdb
c:\users\agelopa\downloads\textures tutorial\textures tutorial\debug\3dexample1.ilk
c:\users\agelopa\downloads\textures tutorial\textures tutorial\debug\3dexample1.exe
c:\users\agelopa\downloads\textures tutorial\textures tutorial\debug\3dexample1.pdb
c:\3d_graphics_5ccgd003w\textures tutorial\3dexample1\debug\3dexample1.res
c:\users\agelopa\downloads\textures tutorial\textures tutorial\3dexample1\debug\3dexample1.res
d:\development projects\3d revision\3d programming\tutorial 09\3dexample1\debug\glee.obj
d:\development projects\3d revision\3d programming\tutorial 09\3dexample1\debug\glm.obj
d:\development projects\3d revision\3d programming\tutorial 09\3dexample1\debug\gltools.obj
d:\development projects\3d revision\3d programming\tutorial 09\3dexample1\debug\main.obj
d:\development projects\3d revision\3d programming\tutorial 09\3dexample1\debug\math3d.obj
d:\development projects\3d revision\3d programming\tutorial 09\3dexample1\debug\tutorial8_textures.obj
d:\development projects\3d revision\3d programming\tutorial 09\3dexample1\debug\tutorial8_textures_solution.obj
d:\development projects\3d revision\3d programming\tutorial 09\3dexample1\debug\tutorial8_textures_solution_phil.obj
d:\development projects\3d revision\3d programming\tutorial 09\3dexample1\debug\tutorial9_textures.obj
d:\development projects\3d revision\3d programming\tutorial 09\3dexample1\debug\3dexample1.res
d:\development projects\3d revision\3d programming\tutorial 09\3dexample1\debug\vc140.idb
d:\development projects\3d revision\3d programming\tutorial 09\3dexample1\debug\vc141.idb
d:\development projects\3d revision\3d programming\tutorial 09\3dexample1\debug\vc142.idb
d:\development projects\3d revision\3d programming\tutorial 09\3dexample1\debug\vc140.pdb
d:\development projects\3d revision\3d programming\tutorial 09\3dexample1\debug\vc141.pdb
d:\development projects\3d revision\3d programming\tutorial 09\3dexample1\debug\vc142.pdb
d:\development projects\3d revision\3d programming\tutorial 09\debug\3dexample1.pdb
d:\development projects\3d revision\3d programming\tutorial 09\debug\3dexample1.exe
d:\development projects\3d revision\3d programming\tutorial 09\debug\3dexample1.ilk
d:\development projects\3d revision\3d programming\tutorial 09\3dexample1\debug\3dexample1.tlog\cl.command.1.tlog
d:\development projects\3d revision\3d programming\tutorial 09\3dexample1\debug\3dexample1.tlog\cl.read.1.tlog
d:\development projects\3d revision\3d programming\tutorial 09\3dexample1\debug\3dexample1.tlog\cl.write.1.tlog
d:\development projects\3d revision\3d programming\tutorial 09\3dexample1\debug\3dexample1.tlog\link.command.1.tlog
d:\development projects\3d revision\3d programming\tutorial 09\3dexample1\debug\3dexample1.tlog\link.read.1.tlog
d:\development projects\3d revision\3d programming\tutorial 09\3dexample1\debug\3dexample1.tlog\link.write.1.tlog
d:\development projects\3d revision\3d programming\tutorial 09\3dexample1\debug\3dexample1.tlog\rc.command.1.tlog
d:\development projects\3d revision\3d programming\tutorial 09\3dexample1\debug\3dexample1.tlog\rc.read.1.tlog
d:\development projects\3d revision\3d programming\tutorial 09\3dexample1\debug\3dexample1.tlog\rc.write.1.tlog
