d:\development projects\3d revision\3d programming\tutorial 10\3dexample1\debug\vc142.pdb
d:\development projects\3d revision\3d programming\tutorial 10\3dexample1\debug\vc142.idb
d:\development projects\3d revision\3d programming\tutorial 10\3dexample1\debug\glee.obj
d:\development projects\3d revision\3d programming\tutorial 10\3dexample1\debug\gltools.obj
d:\development projects\3d revision\3d programming\tutorial 10\3dexample1\debug\math3d.obj
d:\development projects\3d revision\3d programming\tutorial 10\3dexample1\debug\glm.obj
d:\development projects\3d revision\3d programming\tutorial 10\3dexample1\debug\tutorial10_projection.obj
d:\development projects\3d revision\3d programming\tutorial 10\debug\3dexample1.ilk
d:\development projects\3d revision\3d programming\tutorial 10\debug\3dexample1.exe
d:\development projects\3d revision\3d programming\tutorial 10\debug\3dexample1.pdb
d:\development projects\3d revision\3d programming\tutorial 10\3dexample1\debug\3dexample1.res
d:\development projects\3d revision\3d programming\tutorial 10\3dexample1\debug\3dexample1.tlog\cl.command.1.tlog
d:\development projects\3d revision\3d programming\tutorial 10\3dexample1\debug\3dexample1.tlog\cl.read.1.tlog
d:\development projects\3d revision\3d programming\tutorial 10\3dexample1\debug\3dexample1.tlog\cl.write.1.tlog
d:\development projects\3d revision\3d programming\tutorial 10\3dexample1\debug\3dexample1.tlog\link.command.1.tlog
d:\development projects\3d revision\3d programming\tutorial 10\3dexample1\debug\3dexample1.tlog\link.read.1.tlog
d:\development projects\3d revision\3d programming\tutorial 10\3dexample1\debug\3dexample1.tlog\link.write.1.tlog
d:\development projects\3d revision\3d programming\tutorial 10\3dexample1\debug\3dexample1.tlog\rc.command.1.tlog
d:\development projects\3d revision\3d programming\tutorial 10\3dexample1\debug\3dexample1.tlog\rc.read.1.tlog
d:\development projects\3d revision\3d programming\tutorial 10\3dexample1\debug\3dexample1.tlog\rc.write.1.tlog
